<?xml version="1.0" encoding="UTF-8"?>
<!-- Generated by org.testng.reporters.JUnitReportReporter -->
<testsuite hostname="Tufail-Vivo" failures="0" tests="2" name="com.tufail.Selenium6Test" time="0.009" errors="0" timestamp="2020-06-25T19:15:30 EDT" skipped="0">
  <testcase classname="com.tufail.Selenium6Test" name="testingMain" time="0.008"/>
  <system-out/>
  <testcase classname="com.tufail.Selenium6Test" name="testingMain1" time="0.001"/>
  <system-out/>
</testsuite> <!-- com.tufail.Selenium6Test -->
