<?xml version="1.0" encoding="UTF-8"?>
<!-- Generated by org.testng.reporters.JUnitReportReporter -->
<testsuite hostname="Tufail-Vivo" failures="0" tests="2" name="com.tufail.SeleniumTest3" time="0.011" errors="0" timestamp="2020-06-25T18:48:09 EDT" skipped="0">
  <testcase classname="com.tufail.SeleniumTest3" name="locator" time="0.009"/>
  <system-out/>
  <testcase classname="com.tufail.SeleniumTest3" name="printme" time="0.002"/>
  <system-out/>
</testsuite> <!-- com.tufail.SeleniumTest3 -->
