<?xml version="1.0" encoding="UTF-8"?>
<!-- Generated by org.testng.reporters.JUnitReportReporter -->
<testsuite hostname="Tufail-Vivo" failures="0" tests="3" name="Packagetesting.Class3" time="0.006" errors="0" timestamp="2020-06-25T18:49:15 EDT" skipped="0">
  <testcase classname="Packagetesting.Class3" name="MobileLoginCarLoan" time="0.002"/>
  <system-out/>
  <testcase classname="Packagetesting.Class3" name="WebloginCarLoan" time="0.002"/>
  <system-out/>
  <testcase classname="Packagetesting.Class3" name="LoginApiCarLoan" time="0.002"/>
  <system-out/>
</testsuite> <!-- Packagetesting.Class3 -->
