<?xml version="1.0" encoding="UTF-8"?>
<!-- Generated by org.testng.reporters.JUnitReportReporter -->
<testsuite hostname="Tufail-Vivo" failures="0" tests="3" name="Packagetesting.Class4" time="0.004" errors="0" timestamp="2020-06-25T18:49:15 EDT" skipped="0">
  <testcase classname="Packagetesting.Class4" name="LoginApiHomeLoan" time="0.002"/>
  <system-out/>
  <testcase classname="Packagetesting.Class4" name="WebloginHomeLoan" time="0.001"/>
  <system-out/>
  <testcase classname="Packagetesting.Class4" name="MobileLoginHomeLoan" time="0.001"/>
  <system-out/>
</testsuite> <!-- Packagetesting.Class4 -->
