<?xml version="1.0" encoding="UTF-8"?>
<!-- Generated by org.testng.reporters.JUnitReportReporter -->
<testsuite hostname="Tufail-Vivo" failures="0" tests="1" name="com.tufail.SeleniumTest" time="0.009" errors="0" timestamp="2020-06-13T20:19:57 EDT" skipped="0">
  <testcase classname="com.tufail.SeleniumTest" name="printingClass" time="0.009"/>
  <system-out/>
</testsuite> <!-- com.tufail.SeleniumTest -->
